<?xml version="1.0" encoding="UTF-8"?>
<testng-results skipped="0" failed="0" ignored="0" total="10" passed="10">
  <reporter-output>
  </reporter-output>
  <suite name="RPGHUB Test Suite" duration-ms="13590" started-at="2022-06-27T19:53:39 EDT" finished-at="2022-06-27T19:53:53 EDT">
    <groups>
      <group name="cucumber">
        <method signature="AbstractTestNGCucumberTests.runScenario(io.cucumber.testng.PickleWrapper,io.cucumber.testng.FeatureWrapper)[pri:0, instance:com.revature.scramble.SeleniumTestRunner@eb21112]" name="runScenario" class="io.cucumber.testng.AbstractTestNGCucumberTests"/>
      </group> <!-- cucumber -->
    </groups>
    <test name="Basic Test" duration-ms="2339" started-at="2022-06-27T19:53:39 EDT" finished-at="2022-06-27T19:53:42 EDT">
      <class name="com.revature.scramble.ServiceTest">
        <test-method status="PASS" signature="setup()[pri:0, instance:com.revature.scramble.ServiceTest@371a67ec]" name="setup" is-config="true" duration-ms="393" started-at="2022-06-27T19:53:41 EDT" finished-at="2022-06-27T19:53:42 EDT">
          <reporter-output>
          </reporter-output>
        </test-method> <!-- setup -->
        <test-method status="PASS" signature="testAccountService()[pri:0, instance:com.revature.scramble.ServiceTest@371a67ec]" name="testAccountService" duration-ms="16" started-at="2022-06-27T19:53:42 EDT" finished-at="2022-06-27T19:53:42 EDT">
          <reporter-output>
          </reporter-output>
        </test-method> <!-- testAccountService -->
      </class> <!-- com.revature.scramble.ServiceTest -->
      <class name="com.revature.scramble.RepositoryTest">
        <test-method status="PASS" signature="setup()[pri:0, instance:com.revature.scramble.RepositoryTest@4923ab24]" name="setup" is-config="true" duration-ms="9" started-at="2022-06-27T19:53:39 EDT" finished-at="2022-06-27T19:53:39 EDT">
          <reporter-output>
          </reporter-output>
        </test-method> <!-- setup -->
        <test-method status="PASS" signature="testEntryDAO()[pri:0, instance:com.revature.scramble.RepositoryTest@4923ab24]" name="testEntryDAO" duration-ms="1034" started-at="2022-06-27T19:53:39 EDT" finished-at="2022-06-27T19:53:41 EDT">
          <reporter-output>
          </reporter-output>
        </test-method> <!-- testEntryDAO -->
        <test-method status="PASS" signature="testGetConnection()[pri:0, instance:com.revature.scramble.RepositoryTest@4923ab24]" name="testGetConnection" duration-ms="0" started-at="2022-06-27T19:53:41 EDT" finished-at="2022-06-27T19:53:41 EDT">
          <reporter-output>
          </reporter-output>
        </test-method> <!-- testGetConnection -->
        <test-method status="PASS" signature="testListingDao()[pri:0, instance:com.revature.scramble.RepositoryTest@4923ab24]" name="testListingDao" duration-ms="246" started-at="2022-06-27T19:53:41 EDT" finished-at="2022-06-27T19:53:41 EDT">
          <reporter-output>
          </reporter-output>
        </test-method> <!-- testListingDao -->
        <test-method status="PASS" signature="testLoginInfoDao()[pri:0, instance:com.revature.scramble.RepositoryTest@4923ab24]" name="testLoginInfoDao" duration-ms="191" started-at="2022-06-27T19:53:41 EDT" finished-at="2022-06-27T19:53:41 EDT">
          <reporter-output>
          </reporter-output>
        </test-method> <!-- testLoginInfoDao -->
        <test-method status="PASS" signature="testUserInfoDao()[pri:0, instance:com.revature.scramble.RepositoryTest@4923ab24]" name="testUserInfoDao" duration-ms="421" started-at="2022-06-27T19:53:41 EDT" finished-at="2022-06-27T19:53:41 EDT">
          <reporter-output>
          </reporter-output>
        </test-method> <!-- testUserInfoDao -->
      </class> <!-- com.revature.scramble.RepositoryTest -->
    </test> <!-- Basic Test -->
    <test name="Selenium Test" duration-ms="11236" started-at="2022-06-27T19:53:42 EDT" finished-at="2022-06-27T19:53:53 EDT">
      <class name="com.revature.scramble.SeleniumTestRunner">
        <test-method status="PASS" signature="setUpClass(org.testng.ITestContext)[pri:0, instance:com.revature.scramble.SeleniumTestRunner@eb21112]" name="setUpClass" is-config="true" duration-ms="434" started-at="2022-06-27T19:53:42 EDT" finished-at="2022-06-27T19:53:42 EDT">
          <params>
            <param index="0">
              <value>
                <![CDATA[org.testng.TestRunner@5afbd567]]>
              </value>
            </param>
          </params>
          <reporter-output>
          </reporter-output>
        </test-method> <!-- setUpClass -->
        <test-method status="PASS" signature="setupClass()[pri:0, instance:com.revature.scramble.SeleniumTestRunner@eb21112]" name="setupClass" is-config="true" duration-ms="14" started-at="2022-06-27T19:53:42 EDT" finished-at="2022-06-27T19:53:42 EDT">
          <reporter-output>
          </reporter-output>
        </test-method> <!-- setupClass -->
        <test-method status="PASS" signature="runScenario(io.cucumber.testng.PickleWrapper,io.cucumber.testng.FeatureWrapper)[pri:0, instance:com.revature.scramble.SeleniumTestRunner@eb21112]" name="runScenario" duration-ms="3701" started-at="2022-06-27T19:53:42 EDT" description="Runs Cucumber Scenarios" data-provider="scenarios" finished-at="2022-06-27T19:53:46 EDT">
          <params>
            <param index="0">
              <value>
                <![CDATA["A user enters the correct credentials"]]>
              </value>
            </param>
            <param index="1">
              <value>
                <![CDATA["Test Login Functionality"]]>
              </value>
            </param>
          </params>
          <reporter-output>
          </reporter-output>
        </test-method> <!-- runScenario -->
        <test-method status="PASS" signature="runScenario(io.cucumber.testng.PickleWrapper,io.cucumber.testng.FeatureWrapper)[pri:0, instance:com.revature.scramble.SeleniumTestRunner@eb21112]" name="runScenario" duration-ms="2343" started-at="2022-06-27T19:53:46 EDT" description="Runs Cucumber Scenarios" data-provider="scenarios" finished-at="2022-06-27T19:53:48 EDT">
          <params>
            <param index="0">
              <value>
                <![CDATA["A user enters the incorrect credentials"]]>
              </value>
            </param>
            <param index="1">
              <value>
                <![CDATA["Test Login Functionality"]]>
              </value>
            </param>
          </params>
          <reporter-output>
          </reporter-output>
        </test-method> <!-- runScenario -->
        <test-method status="PASS" signature="feature(io.cucumber.testng.PickleWrapper,io.cucumber.testng.FeatureWrapper)[pri:0, instance:com.revature.scramble.SeleniumTestRunner@eb21112]" name="feature" duration-ms="2437" started-at="2022-06-27T19:53:48 EDT" data-provider="features" finished-at="2022-06-27T19:53:51 EDT">
          <params>
            <param index="0">
              <value>
                <![CDATA["A user enters the correct credentials"]]>
              </value>
            </param>
            <param index="1">
              <value>
                <![CDATA["Test Login Functionality"]]>
              </value>
            </param>
          </params>
          <reporter-output>
          </reporter-output>
        </test-method> <!-- feature -->
        <test-method status="PASS" signature="feature(io.cucumber.testng.PickleWrapper,io.cucumber.testng.FeatureWrapper)[pri:0, instance:com.revature.scramble.SeleniumTestRunner@eb21112]" name="feature" duration-ms="2266" started-at="2022-06-27T19:53:51 EDT" data-provider="features" finished-at="2022-06-27T19:53:53 EDT">
          <params>
            <param index="0">
              <value>
                <![CDATA["A user enters the incorrect credentials"]]>
              </value>
            </param>
            <param index="1">
              <value>
                <![CDATA["Test Login Functionality"]]>
              </value>
            </param>
          </params>
          <reporter-output>
          </reporter-output>
        </test-method> <!-- feature -->
        <test-method status="PASS" signature="tearDownClass()[pri:0, instance:com.revature.scramble.SeleniumTestRunner@eb21112]" name="tearDownClass" is-config="true" duration-ms="34" started-at="2022-06-27T19:53:53 EDT" finished-at="2022-06-27T19:53:53 EDT">
          <reporter-output>
          </reporter-output>
        </test-method> <!-- tearDownClass -->
      </class> <!-- com.revature.scramble.SeleniumTestRunner -->
    </test> <!-- Selenium Test -->
  </suite> <!-- RPGHUB Test Suite -->
</testng-results>
