<?xml version="1.0" encoding="UTF-8"?>
<!-- Generated by org.testng.reporters.JUnitXMLReporter -->
<testsuite hostname="DESKTOP-5AUP4GQ" ignored="0" name="Surefire test" tests="6" failures="0" timestamp="2022-06-27T12:53:49 EDT" time="1.876" errors="0">
  <testcase name="testBasicTest" time="0.008" classname="com.revature.scramble.BasicTest"/>
  <testcase name="testEntryDAO" time="1.032" classname="com.revature.scramble.RepositoryTest"/>
  <testcase name="testGetConnection" time="0.0" classname="com.revature.scramble.RepositoryTest"/>
  <testcase name="testListingDao" time="0.219" classname="com.revature.scramble.RepositoryTest"/>
  <testcase name="testLoginInfoDao" time="0.169" classname="com.revature.scramble.RepositoryTest"/>
  <testcase name="testUserInfoDao" time="0.381" classname="com.revature.scramble.RepositoryTest"/>
</testsuite> <!-- Surefire test -->
