<?xml version="1.0" encoding="UTF-8"?>
<!-- Generated by org.testng.reporters.JUnitXMLReporter -->
<testsuite hostname="DESKTOP-5AUP4GQ" ignored="0" name="Basic Test" tests="5" failures="0" timestamp="2022-06-27T14:11:10 EDT" time="1.894" errors="0">
  <testcase name="testEntryDAO" time="1.008" classname="com.revature.scramble.RepositoryTest"/>
  <testcase name="testGetConnection" time="0.0" classname="com.revature.scramble.RepositoryTest"/>
  <testcase name="testListingDao" time="0.248" classname="com.revature.scramble.RepositoryTest"/>
  <testcase name="testLoginInfoDao" time="0.196" classname="com.revature.scramble.RepositoryTest"/>
  <testcase name="testUserInfoDao" time="0.402" classname="com.revature.scramble.RepositoryTest"/>
</testsuite> <!-- Basic Test -->
