<?xml version="1.0" encoding="UTF-8"?>
<!-- Generated by org.testng.reporters.JUnitXMLReporter -->
<testsuite hostname="DESKTOP-5AUP4GQ" ignored="0" name="Basic Test" tests="5" failures="0" timestamp="2022-06-24T16:37:13 EDT" time="1.736" errors="0">
  <testcase name="testBasicTest" time="0.006" classname="com.revature.scramble.BasicTest"/>
  <testcase name="testEntryDAO" time="0.953" classname="com.revature.scramble.RepositoryTest"/>
  <testcase name="testListingDao" time="0.206" classname="com.revature.scramble.RepositoryTest"/>
  <testcase name="testLoginInfoDao" time="0.163" classname="com.revature.scramble.RepositoryTest"/>
  <testcase name="testUserInfoDao" time="0.373" classname="com.revature.scramble.RepositoryTest"/>
</testsuite> <!-- Basic Test -->
