<?xml version="1.0" encoding="UTF-8"?>
<!-- Generated by org.testng.reporters.JUnitXMLReporter -->
<testsuite hostname="DESKTOP-5AUP4GQ" ignored="0" name="Selenium Test" tests="4" failures="0" timestamp="2022-06-27T19:53:53 EDT" time="11.236" errors="0">
  <testcase name="runScenario" time="3.701" classname="io.cucumber.testng.AbstractTestNGCucumberTests"/>
  <testcase name="runScenario" time="2.343" classname="io.cucumber.testng.AbstractTestNGCucumberTests"/>
  <testcase name="feature" time="2.437" classname="com.revature.scramble.SeleniumTestRunner"/>
  <testcase name="feature" time="2.266" classname="com.revature.scramble.SeleniumTestRunner"/>
</testsuite> <!-- Selenium Test -->
